<?xml version="1.0" encoding="UTF-8"?>
<!-- Generated by org.testng.reporters.JUnitReportReporter -->
<testsuite hostname="LAPTOP-HP3GFEN9" failures="0" tests="2" name="Testcases.AutomationhomepageTestPages" time="2.816" errors="0" timestamp="2024-01-27T19:28:27 IST" skipped="0">
  <testcase classname="Testcases.AutomationhomepageTestPages" name="Signup" time="2.682"/>
  <system-out/>
  <testcase classname="Testcases.AutomationhomepageTestPages" name="homepqagetitleverification" time="0.134"/>
  <system-out/>
</testsuite> <!-- Testcases.AutomationhomepageTestPages -->
